A51 MACRO ASSEMBLER  3                                                                    07/27/2025 17:43:32 PAGE     1


MACRO ASSEMBLER A51 V8.2.7.0
OBJECT MODULE PLACED IN .\Objects\3.obj
ASSEMBLER INVOKED BY: C:\Keil_v5\C51\BIN\A51.EXE 3.asm SET(SMALL) DEBUG PRINT(.\Listings\3.lst) OBJECT(.\Objects\3.obj) EP

LOC  OBJ            LINE     SOURCE

0000 758910            1     MOV TMOD,#10H 
0003 7B0A              2     MOV R3,#10 
0005 758BFD            3     AGAIN: MOV TL1,#0FDH 
0008 758D4B            4     MOV TH1,#4BH 
000B D28E              5     SETB TR1 
000D 308FFD            6     BACK: JNB TF1,BACK 
0010 C28E              7     CLR TR1 
0012 C28F              8     CLR TF1 
0014 DBEF              9     DJNZ R3,AGAIN 
0016 B295             10     CPL P1.5 
0018 80EB             11     SJMP AGAIN 
                      12     END
                                     
                             
A51 MACRO ASSEMBLER  3                                                                    07/27/2025 17:43:32 PAGE     2

SYMBOL TABLE LISTING
------ ----- -------


N A M E             T Y P E  V A L U E   ATTRIBUTES

AGAIN. . . . . . .  C ADDR   0005H   A   
BACK . . . . . . .  C ADDR   000DH   A   
P1 . . . . . . . .  D ADDR   0090H   A   
TF1. . . . . . . .  B ADDR   0088H.7 A   
TH1. . . . . . . .  D ADDR   008DH   A   
TL1. . . . . . . .  D ADDR   008BH   A   
TMOD . . . . . . .  D ADDR   0089H   A   
TR1. . . . . . . .  B ADDR   0088H.6 A   


REGISTER BANK(S) USED: 0 


ASSEMBLY COMPLETE.  0 WARNING(S), 0 ERROR(S)
