C51 COMPILER V9.60.7.0   SW3                                                               07/29/2025 18:10:45 PAGE 1   


C51 COMPILER V9.60.7.0, COMPILATION OF MODULE SW3
OBJECT MODULE PLACED IN .\Objects\sw3.obj
COMPILER INVOKED BY: C:\Keil_v5\C51\BIN\C51.EXE sw3.c OPTIMIZE(8,SPEED) BROWSE DEBUG OBJECTEXTEND PRINT(.\Listings\sw3.l
                    -st) TABS(2) OBJECT(.\Objects\sw3.obj)

line level    source

   1          /* Program-3: Write an Embedded C program to generate a square wave of 5 KHz on port pin P2.0.
   2          Assume that XTAL = 11.0592 MHz. Observe the waveform on keil analyzer */
   3          
   4          #include <reg51.h>
   5          sbit x = P2^0; // P2.0 assigned to x variable
   6          void delay(void); // Delay function declaration
   7          void main () // main function
   8          {
   9   1        x =0; //output logic 0 to P2.0
  10   1        while(1) // infinite loop
  11   1        {
  12   2          x = 1; // make port pin High
  13   2          delay();
  14   2          x = 0; // make port pin Low
  15   2          delay();
  16   2        }
  17   1      }
  18          void delay()
  19          {
  20   1        TMOD = 0x01; // Timer 0, mode1
  21   1        TH0=0xFF; //initial value for 1 ms
  22   1        TL0=0xA4;
  23   1        TR0 = 1; // timer0 start
  24   1        while (TF0 == 0); // check overflow condition
  25   1        TR0 = 0; // Stop Timer
  26   1        TF0 = 0; // Clear flag
  27   1      }


MODULE INFORMATION:   STATIC OVERLAYABLE
   CODE SIZE        =     33    ----
   CONSTANT SIZE    =   ----    ----
   XDATA SIZE       =   ----    ----
   PDATA SIZE       =   ----    ----
   DATA SIZE        =   ----    ----
   IDATA SIZE       =   ----    ----
   BIT SIZE         =   ----    ----
END OF MODULE INFORMATION.


C51 COMPILATION COMPLETE.  0 WARNING(S),  0 ERROR(S)
