A51 MACRO ASSEMBLER  COUNT1                                                               08/06/2025 20:07:27 PAGE     1


MACRO ASSEMBLER A51 V8.2.7.0
OBJECT MODULE PLACED IN .\Objects\count1.obj
ASSEMBLER INVOKED BY: C:\Keil_v5\C51\BIN\A51.EXE count1.asm SET(SMALL) DEBUG PRINT(.\Listings\count1.lst) OBJECT(.\Objec
                      ts\count1.obj) EP

LOC  OBJ            LINE     SOURCE

                       1     
                       2     
                       3     
                       4     
0000 758960            5     MOV TMOD,#01100000B 
0003 758D00            6     MOV TH1,#0 
0006 D2B5              7     SETB P3.5 
0008 D28E              8     AGAIN: SETB TR1 
000A E58B              9     BACK: MOV A,TL1 
000C F5A0             10     MOV P2,A 
000E 308FF9           11     JNB TF1,Back 
0011 C28E             12     CLR TR1 
0013 C28F             13     CLR TF1 
0015 80F1             14     SJMP AGAIN 
                      15     END
A51 MACRO ASSEMBLER  COUNT1                                                               08/06/2025 20:07:27 PAGE     2

SYMBOL TABLE LISTING
------ ----- -------


N A M E             T Y P E  V A L U E   ATTRIBUTES

AGAIN. . . . . . .  C ADDR   0008H   A   
BACK . . . . . . .  C ADDR   000AH   A   
P2 . . . . . . . .  D ADDR   00A0H   A   
P3 . . . . . . . .  D ADDR   00B0H   A   
TF1. . . . . . . .  B ADDR   0088H.7 A   
TH1. . . . . . . .  D ADDR   008DH   A   
TL1. . . . . . . .  D ADDR   008BH   A   
TMOD . . . . . . .  D ADDR   0089H   A   
TR1. . . . . . . .  B ADDR   0088H.6 A   


REGISTER BANK(S) USED: 0 


ASSEMBLY COMPLETE.  0 WARNING(S), 0 ERROR(S)
