C51 COMPILER V9.60.7.0   LED1                                                              08/09/2025 19:55:20 PAGE 1   


C51 COMPILER V9.60.7.0, COMPILATION OF MODULE LED1
OBJECT MODULE PLACED IN .\Objects\led1.obj
COMPILER INVOKED BY: C:\Keil_v5\C51\BIN\C51.EXE led1.c OPTIMIZE(8,SPEED) BROWSE DEBUG OBJECTEXTEND PRINT(.\Listings\led1
                    -.lst) TABS(2) OBJECT(.\Objects\led1.obj)

line level    source

   1          /* Program-3: Write an Embedded C program to generate a square wave of 2 KHz on port pin P2.0.
   2          Assume that XTAL = 11.0592 MHz. Observe the waveform on keil analyzer */
   3          
   4          #include<reg51.h>
   5          sbit x = P2^0; // P2.0 assigned to x variable
   6          void delay(void); // Delay function declaration
   7          void main () // main function
   8          {
   9   1        x =0; //output logic 0 to P2.0
  10   1        while(1) // infinite loop
  11   1        {
  12   2          x = 1; // make port pin High
  13   2          delay();
  14   2          x = 0; // make port pin Low
  15   2          delay();
  16   2        }
  17   1      }
  18          void delay()
  19          {
  20   1        TMOD = 0x02; // Timer 0, mode1
  21   1        TH0=0x1A; //initial value for 1 ms
  22   1        TR0 = 1; // timer0 start
  23   1        while (TF0 == 0); // check overflow condition
  24   1        TR0 = 0; // Stop Timer
  25   1        TF0 = 0; // Clear flag
  26   1      }


MODULE INFORMATION:   STATIC OVERLAYABLE
   CODE SIZE        =     30    ----
   CONSTANT SIZE    =   ----    ----
   XDATA SIZE       =   ----    ----
   PDATA SIZE       =   ----    ----
   DATA SIZE        =   ----    ----
   IDATA SIZE       =   ----    ----
   BIT SIZE         =   ----    ----
END OF MODULE INFORMATION.


C51 COMPILATION COMPLETE.  0 WARNING(S),  0 ERROR(S)
