C51 COMPILER V9.60.7.0   LED2                                                              08/09/2025 19:57:27 PAGE 1   


C51 COMPILER V9.60.7.0, COMPILATION OF MODULE LED2
OBJECT MODULE PLACED IN .\Objects\led2.obj
COMPILER INVOKED BY: C:\Keil_v5\C51\BIN\C51.EXE led2.c OPTIMIZE(8,SPEED) BROWSE DEBUG OBJECTEXTEND PRINT(.\Listings\led2
                    -.lst) TABS(2) OBJECT(.\Objects\led2.obj)

line level    source

   1          // Interfacing single LED with 8051
   2          //Blink single LED with 5 sec ON and % sec OFF time period
   3          #include<REGX51.H>
   4          sbit LED=P2^0;
   5          void delay(unsigned int);
   6          void main(void)
   7          {
   8   1        while(1)
   9   1        {
  10   2          LED =1;
  11   2          delay(1000);
  12   2          LED =0;
  13   2          delay(1000);
  14   2        }
  15   1      }
  16          void delay(unsigned int k)
  17          {
  18   1        unsigned int i;
  19   1        for (i=0;i<k;i++)
  20   1        {
  21   2          //delay of 1 ms
  22   2          TMOD=0X01;
  23   2          TH0=0XFC;
  24   2          TL0=0x66;
  25   2          TR0=1;
  26   2          while(TF0==0);
  27   2          TR0=0;
  28   2          TF0=0;
  29   2        }
  30   1      }


MODULE INFORMATION:   STATIC OVERLAYABLE
   CODE SIZE        =     56    ----
   CONSTANT SIZE    =   ----    ----
   XDATA SIZE       =   ----    ----
   PDATA SIZE       =   ----    ----
   DATA SIZE        =   ----    ----
   IDATA SIZE       =   ----    ----
   BIT SIZE         =   ----    ----
END OF MODULE INFORMATION.


C51 COMPILATION COMPLETE.  0 WARNING(S),  0 ERROR(S)
