C51 COMPILER V9.60.7.0   LED3                                                              08/09/2025 19:56:55 PAGE 1   


C51 COMPILER V9.60.7.0, COMPILATION OF MODULE LED3
OBJECT MODULE PLACED IN .\Objects\led3.obj
COMPILER INVOKED BY: C:\Keil_v5\C51\BIN\C51.EXE led3.c OPTIMIZE(8,SPEED) BROWSE DEBUG OBJECTEXTEND PRINT(.\Listings\led3
                    -.lst) TABS(2) OBJECT(.\Objects\led3.obj)

line level    source

   1          // Interfacing Eight LED with 8051
   2          //Blink all LEDs simultaneously with 1sec ON and 1 sec OFF time period
   3          
   4          #include <REGX51.H>
   5          void delay(unsigned int);
   6          void main(void)
   7          {
   8   1        while(1)
   9   1        {
  10   2          P2=0xFF;
  11   2          delay(1000);
  12   2          P2=0x00;
  13   2          delay(1000);
  14   2        }
  15   1      }
  16          void delay(unsigned int k)
  17          {
  18   1        unsigned int i;
  19   1        for (i=0;i<k;i++)
  20   1        {
  21   2          //delay of 1 ms
  22   2          TMOD=0X01;
  23   2          TH0=0XFC;
  24   2          TL0=0x66;
  25   2          TR0=1;
  26   2          while(TF0==0);
  27   2          TR0=0;
  28   2          TF0=0;
  29   2        }
  30   1      }


MODULE INFORMATION:   STATIC OVERLAYABLE
   CODE SIZE        =     58    ----
   CONSTANT SIZE    =   ----    ----
   XDATA SIZE       =   ----    ----
   PDATA SIZE       =   ----    ----
   DATA SIZE        =   ----    ----
   IDATA SIZE       =   ----    ----
   BIT SIZE         =   ----    ----
END OF MODULE INFORMATION.


C51 COMPILATION COMPLETE.  0 WARNING(S),  0 ERROR(S)
