C51 COMPILER V9.60.7.0   LED4                                                              08/09/2025 20:16:15 PAGE 1   


C51 COMPILER V9.60.7.0, COMPILATION OF MODULE LED4
OBJECT MODULE PLACED IN .\Objects\led4.obj
COMPILER INVOKED BY: C:\Keil_v5\C51\BIN\C51.EXE led4.c OPTIMIZE(8,SPEED) BROWSE DEBUG OBJECTEXTEND PRINT(.\Listings\led4
                    -.lst) TABS(2) OBJECT(.\Objects\led4.obj)

line level    source

   1          // Interfacing Eight LED with 8051
   2          //Right shift effect with 250 ms ON and 250 ms OFF time period
   3          
   4          #include <REGX51.H>
   5          void delay(unsigned int);
   6          void main(void)
   7          {
   8   1      while(1)
   9   1      {
  10   2        unsigned int j;
  11   2        P2=0x80;
  12   2        for (j=0;j<8;j++)
  13   2        {
  14   3          delay(250);
  15   3          P2=P2>>1;
  16   3        }
  17   2      }
  18   1      }
  19          void delay(unsigned int k)
  20          {
  21   1        unsigned int i;
  22   1        for (i=0;i<k;i++)
  23   1        {
  24   2          //delay of 1 ms
  25   2          TMOD=0X01;
  26   2          TH0=0XFC;
  27   2          TL0=0x66;
  28   2          TR0=1;
  29   2          while(TF0==0);
  30   2          TR0=0;
  31   2          TF0=0;
  32   2        }
  33   1      }


MODULE INFORMATION:   STATIC OVERLAYABLE
   CODE SIZE        =     76    ----
   CONSTANT SIZE    =   ----    ----
   XDATA SIZE       =   ----    ----
   PDATA SIZE       =   ----    ----
   DATA SIZE        =   ----       2
   IDATA SIZE       =   ----    ----
   BIT SIZE         =   ----    ----
END OF MODULE INFORMATION.


C51 COMPILATION COMPLETE.  0 WARNING(S),  0 ERROR(S)
