C51 COMPILER V9.60.7.0   LED6                                                              08/09/2025 20:19:42 PAGE 1   


C51 COMPILER V9.60.7.0, COMPILATION OF MODULE LED6
OBJECT MODULE PLACED IN .\Objects\led6.obj
COMPILER INVOKED BY: C:\Keil_v5\C51\BIN\C51.EXE led6.c OPTIMIZE(8,SPEED) BROWSE DEBUG OBJECTEXTEND PRINT(.\Listings\led6
                    -.lst) TABS(2) OBJECT(.\Objects\led6.obj)

line level    source

   1          // Interfacing Eight LED with 8051
   2          //Glow LED one after another in Left to Right direction with 250 ms ON and 250 ms OFF time period
   3          
   4          #include <REGX51.H>
   5          void delay(unsigned int);
   6          void main(void)
   7          {
   8   1        while(1)
   9   1        {
  10   2          unsigned int j;
  11   2          unsigned int m[]={0x00, 0x01, 0x03, 0x07, 0x0F, 0X1F, 0X3F,0X7F,0XFF,};
  12   2          for (j=0;j<9;j++)
  13   2          {
  14   3            P2=m[j];
  15   3            delay(250);
  16   3          }
  17   2        }
  18   1      }
  19          void delay(unsigned int k)
  20          {
  21   1        unsigned int i;
  22   1        for (i=0;i<k;i++)
  23   1        {
  24   2          //delay of 1 ms
  25   2          TMOD=0X01;
  26   2          TH0=0XFC;
  27   2          TL0=0x66;
  28   2          TR0=1;
  29   2          while(TF0==0);
  30   2          TR0=0;
  31   2          TF0=0;
  32   2        }
  33   1      }


MODULE INFORMATION:   STATIC OVERLAYABLE
   CODE SIZE        =     97    ----
   CONSTANT SIZE    =     18    ----
   XDATA SIZE       =   ----    ----
   PDATA SIZE       =   ----    ----
   DATA SIZE        =   ----      20
   IDATA SIZE       =   ----    ----
   BIT SIZE         =   ----    ----
END OF MODULE INFORMATION.


C51 COMPILATION COMPLETE.  0 WARNING(S),  0 ERROR(S)
