A51 MACRO ASSEMBLER  INTERRUPT4                                                           08/06/2025 20:24:07 PAGE     1


MACRO ASSEMBLER A51 V8.2.7.0
OBJECT MODULE PLACED IN .\Objects\interrupt4.obj
ASSEMBLER INVOKED BY: C:\Keil_v5\C51\BIN\A51.EXE interrupt4.asm SET(SMALL) DEBUG PRINT(.\Listings\interrupt4.lst) OBJECT
                      (.\Objects\interrupt4.obj) EP

LOC  OBJ            LINE     SOURCE

                       1     
                       2     
                       3     
                       4     
                       5     
0000                   6     ORG 0000H
0000 020030            7     LJMP MAIN
                       8     
                       9     ;--ISR for hardware interrupt INT1 to turn on LED
                      10     
0013                  11     ORG 0013H ;INT1 ISR
0013 D293             12     SETB P1.3 ;turn on LED
0015 7BFF             13     MOV R3,#255
0017 DBFE             14     BACK: DJNZ R3,BACK ;keep the buzzer on for a while
0019 C293             15     CLR P1.3 ;turn off the buzzer
001B 32               16     RETI ;return from ISR
                      17     ;------MAIN program for initialization
0030                  18     ORG 30H
0030 D28A             19     MAIN: SETB TCON.2 ;make INT1 edge-triggered int.
0032 75A884           20     MOV IE,#10000100B ;enable External INT 1
0035 80FE             21     HERE: SJMP HERE ;stay here until get interrupted
                      22     END
A51 MACRO ASSEMBLER  INTERRUPT4                                                           08/06/2025 20:24:07 PAGE     2

SYMBOL TABLE LISTING
------ ----- -------


N A M E             T Y P E  V A L U E   ATTRIBUTES

BACK . . . . . . .  C ADDR   0017H   A   
HERE . . . . . . .  C ADDR   0035H   A   
IE . . . . . . . .  D ADDR   00A8H   A   
MAIN . . . . . . .  C ADDR   0030H   A   
P1 . . . . . . . .  D ADDR   0090H   A   
TCON . . . . . . .  D ADDR   0088H   A   


REGISTER BANK(S) USED: 0 


ASSEMBLY COMPLETE.  0 WARNING(S), 0 ERROR(S)
