A51 MACRO ASSEMBLER  INTERRUPT3                                                           08/06/2025 20:19:50 PAGE     1


MACRO ASSEMBLER A51 V8.2.7.0
OBJECT MODULE PLACED IN .\Objects\interrupt3.obj
ASSEMBLER INVOKED BY: C:\Keil_v5\C51\BIN\A51.EXE interrupt3.asm SET(SMALL) DEBUG PRINT(.\Listings\interrupt3.lst) OBJECT
                      (.\Objects\interrupt3.obj) EP

LOC  OBJ            LINE     SOURCE

                       1     
                       2     
                       3     
                       4     
0000                   5     ORG 0000H
                       6     
0000 020030            7     LJMP MAIN ;by-pass interrupt ;vector table
                       8     ;--ISR for INT1 to turn on LED
0013                   9     ORG 0013H ;INT1 ISR
0013 D293             10     SETB P1.3 ;turn on LED
0015 7BFF             11     MOV R3,#255
                      12     
0017 DBFE             13     BACK1: DJNZ R3,BACK1 ;keep LED on for a while
0019 C293             14     CLR P1.3 ;turn off the LED
001B 7BFF             15     MOV R3,#255
001D DBFE             16     BACK2: DJNZ R3,BACK2
001F 32               17     RETI ;return from ISR
                      18     ;--MAIN program for initialization
0030                  19     ORG 30H
                      20     
0030 75A884           21     MAIN: MOV IE,#10000100B ;enable external INT 1
0033 80FE             22     HERE: SJMP HERE ;stay here until get interrupted
                      23     
                      24     END
A51 MACRO ASSEMBLER  INTERRUPT3                                                           08/06/2025 20:19:50 PAGE     2

SYMBOL TABLE LISTING
------ ----- -------


N A M E             T Y P E  V A L U E   ATTRIBUTES

BACK1. . . . . . .  C ADDR   0017H   A   
BACK2. . . . . . .  C ADDR   001DH   A   
HERE . . . . . . .  C ADDR   0033H   A   
IE . . . . . . . .  D ADDR   00A8H   A   
MAIN . . . . . . .  C ADDR   0030H   A   
P1 . . . . . . . .  D ADDR   0090H   A   


REGISTER BANK(S) USED: 0 


ASSEMBLY COMPLETE.  0 WARNING(S), 0 ERROR(S)
