A51 MACRO ASSEMBLER  MODE                                                                 08/06/2025 20:03:40 PAGE     1


MACRO ASSEMBLER A51 V8.2.7.0
OBJECT MODULE PLACED IN .\Objects\mode.obj
ASSEMBLER INVOKED BY: C:\Keil_v5\C51\BIN\A51.EXE mode.asm SET(SMALL) DEBUG PRINT(.\Listings\mode.lst) OBJECT(.\Objects\m
                      ode.obj) EP

LOC  OBJ            LINE     SOURCE

                       1     
                       2     
                       3     
0000 758920            4     MOV TMOD,#20H 
0003 758D05            5     MOV TH1,#5 
0006 D28E              6     SETB TR1 
0008 308FFD            7     BACK: JNB TF1,BACK 
000B B290              8     CPL P1.0 
000D C28F              9     CLR TF1 
000F 80F7             10     SJMP BACK 
                      11     END
A51 MACRO ASSEMBLER  MODE                                                                 08/06/2025 20:03:40 PAGE     2

SYMBOL TABLE LISTING
------ ----- -------


N A M E             T Y P E  V A L U E   ATTRIBUTES

BACK . . . . . . .  C ADDR   0008H   A   
P1 . . . . . . . .  D ADDR   0090H   A   
TF1. . . . . . . .  B ADDR   0088H.7 A   
TH1. . . . . . . .  D ADDR   008DH   A   
TMOD . . . . . . .  D ADDR   0089H   A   
TR1. . . . . . . .  B ADDR   0088H.6 A   


REGISTER BANK(S) USED: 0 


ASSEMBLY COMPLETE.  0 WARNING(S), 0 ERROR(S)
