A51 MACRO ASSEMBLER  E2                                                                   09/20/2024 17:32:58 PAGE     1


MACRO ASSEMBLER A51 V8.2.7.0
OBJECT MODULE PLACED IN .\Objects\E2.obj
ASSEMBLER INVOKED BY: C:\Keil_v5\C51\BIN\A51.EXE D:\E2.asm SET(SMALL) DEBUG PRINT(.\Listings\E2.lst) OBJECT(.\Objects\E2
                      .obj) EP

LOC  OBJ            LINE     SOURCE

0000                   1     ORG 0H
0000 7406              2     MOV A,#06H
0002 75F009            3     MOV B,#09H
0005 D3                4     SETB C
0006 35F0              5     ADDC A,B
0008 F8                6     MOV R0,A
                       7     END
A51 MACRO ASSEMBLER  E2                                                                   09/20/2024 17:32:58 PAGE     2

SYMBOL TABLE LISTING
------ ----- -------


N A M E             T Y P E  V A L U E   ATTRIBUTES

B. . . . . . . . .  D ADDR   00F0H   A   


REGISTER BANK(S) USED: 0 


ASSEMBLY COMPLETE.  0 WARNING(S), 0 ERROR(S)
