C51 COMPILER V9.60.7.0   TRAFFIC                                                           01/24/2025 01:14:50 PAGE 1   


C51 COMPILER V9.60.7.0, COMPILATION OF MODULE TRAFFIC
OBJECT MODULE PLACED IN .\Objects\traffic.obj
COMPILER INVOKED BY: C:\Keil_v5\C51\BIN\C51.EXE traffic.c OPTIMIZE(8,SPEED) BROWSE DEBUG OBJECTEXTEND PRINT(.\Listings\t
                    -raffic.lst) TABS(2) OBJECT(.\Objects\traffic.obj)

line level    source

   1          #include <reg51.h>
   2          
   3          sbit Red0=P0^0; sbit Red1=P1^0; sbit Red2=P2^0; sbit Red3=P3^0;
   4          sbit Green0=P0^1; sbit Green1=P1^1; sbit Green2=P2^1; sbit Green3=P3^1;
   5          sbit Yellow0=P0^2; sbit Yellow1=P1^2; sbit Yellow2=P2^2; sbit Yellow3=P3^2;
   6          
   7          
   8          void delay(unsigned int);
   9                
  10          
  11          void main(){
  12   1        P0=P1=P2=P3=0x00;
  13   1        while(1){
  14   2            
  15   2      //mphambano yoyamba 
  16   2            Red0=0; Green0=1;
  17   2            Red1=Red2=Red3=1;
  18   2            
  19   2            Green1=Green2=Green3=0;
  20   2            Yellow0=Yellow1=Yellow2=Yellow3=0;
  21   2            delay(1000); 
  22   2          
  23   2            Red0=0;
  24   2            Red1=Red2=Red3=1;
  25   2            Green0=Green1=Green2=Green3=0;
  26   2            Yellow0=1;
  27   2            Yellow1=Yellow2=Yellow3=0;
  28   2            delay(100); 
  29   2            
  30   2      //mphambano yachiwiri
  31   2            Red1=0;
  32   2            Red0=Red2=Red3=1;
  33   2            Green1=1;
  34   2            Green0=Green2=Green3=0;
  35   2            Yellow0=Yellow1=Yellow2=Yellow3=0;
  36   2            delay(1000); 
  37   2          
  38   2            Red1=0;
  39   2            Red0=Red2=Red3=1;
  40   2            Green0=Green1=Green2=Green3=0;
  41   2            Yellow1=1;
  42   2            Yellow0=Yellow2=Yellow3=0;
  43   2            delay(100); 
  44   2            
  45   2      //mphambano yachitatu
  46   2            Red2=0;
  47   2            Red0=Red1=Red3=1;
  48   2            Green2=1;
  49   2            Green0=Green1=Green3=0;
  50   2            Yellow0=Yellow1=Yellow2=Yellow3=0;
  51   2            delay(1000); 
  52   2          
  53   2            Red2=0;
  54   2            Red0=Red1=Red3=1;
C51 COMPILER V9.60.7.0   TRAFFIC                                                           01/24/2025 01:14:50 PAGE 2   

  55   2            Green0=Green1=Green2=Green3=0;
  56   2            Yellow2=1;
  57   2            Yellow0=Yellow1=Yellow3=0;
  58   2            delay(100); 
  59   2            
  60   2      //mphambano yachinayi
  61   2            Red3=0;
  62   2            Red0=Red2=Red1=1;
  63   2            Green3=1;
  64   2            Green0=Green2=Green1=0;
  65   2            Yellow0=Yellow1=Yellow2=Yellow3=0;
  66   2            delay(1000); 
  67   2          
  68   2            Red3=0;
  69   2            Red0=Red2=Red1=1;
  70   2            Green0=Green1=Green2=Green3=0;
  71   2            Yellow3=1;
  72   2            Yellow0=Yellow2=Yellow1=0;
  73   2            delay(100); 
  74   2        }
  75   1      }
  76          
  77          void delay(unsigned int h){
  78   1        unsigned int i;
  79   1        for(i=0;i<h;i++){
  80   2              TMOD=0x01; TH0=0xEE; TL0=0x00;
  81   2              TR0=1;
  82   2              while(TF0==0);
  83   2              TR0=0;
  84   2              TF0=0;
  85   2        }
  86   1      }


MODULE INFORMATION:   STATIC OVERLAYABLE
   CODE SIZE        =    254    ----
   CONSTANT SIZE    =   ----    ----
   XDATA SIZE       =   ----    ----
   PDATA SIZE       =   ----    ----
   DATA SIZE        =   ----    ----
   IDATA SIZE       =   ----    ----
   BIT SIZE         =   ----    ----
END OF MODULE INFORMATION.


C51 COMPILATION COMPLETE.  0 WARNING(S),  0 ERROR(S)
