C51 COMPILER V9.60.7.0   MODE2                                                             08/09/2025 19:42:02 PAGE 1   


C51 COMPILER V9.60.7.0, COMPILATION OF MODULE MODE2
OBJECT MODULE PLACED IN .\Objects\mode2.obj
COMPILER INVOKED BY: C:\Keil_v5\C51\BIN\C51.EXE mode2.c OPTIMIZE(8,SPEED) BROWSE DEBUG OBJECTEXTEND PRINT(.\Listings\mod
                    -e2.lst) TABS(2) OBJECT(.\Objects\mode2.obj)

line level    source

   1          /* Program-1: Write an Embedded C program to generate a square wave with ON and OFF time of
   2          100 µs on port pin P2.0. Assume that XTAL = 11.0592 MHz. Observe the waveform on keil analyzer
   3          */
   4          
   5          #include<reg51.h>
   6          sbit x = P2^0; // P2.0 assigned to x variable
   7          void delay(void); // Delay function declaration
   8          void main () // main function
   9          {
  10   1        x =0; //output logic 0 to P2.0
  11   1        while(1) // infinite loop
  12   1        {
  13   2          x = 1; // make port pin High
  14   2          delay();
  15   2          x = 0; // make port pin Low
  16   2          delay();
  17   2        }
  18   1      }
  19          void delay()
  20          {
  21   1        TMOD = 0x02; // Timer 0, mode1
  22   1        TH0=0xA4; //initial value for 100 µs
  23   1        TR0 = 1; // timer0 start
  24   1        while (TF0 == 0); // check overflow condition
  25   1        TR0 = 0; // Stop Timer
  26   1        TF0 = 0; // Clear flag
  27   1      }


MODULE INFORMATION:   STATIC OVERLAYABLE
   CODE SIZE        =     30    ----
   CONSTANT SIZE    =   ----    ----
   XDATA SIZE       =   ----    ----
   PDATA SIZE       =   ----    ----
   DATA SIZE        =   ----    ----
   IDATA SIZE       =   ----    ----
   BIT SIZE         =   ----    ----
END OF MODULE INFORMATION.


C51 COMPILATION COMPLETE.  0 WARNING(S),  0 ERROR(S)
