C51 COMPILER V9.60.7.0   SW3                                                               07/29/2025 18:22:30 PAGE 1   


C51 COMPILER V9.60.7.0, COMPILATION OF MODULE SW3
OBJECT MODULE PLACED IN .\Objects\sw3.obj
COMPILER INVOKED BY: C:\Keil_v5\C51\BIN\C51.EXE sw3.c OPTIMIZE(8,SPEED) BROWSE DEBUG OBJECTEXTEND PRINT(.\Listings\sw3.l
                    -st) TABS(2) OBJECT(.\Objects\sw3.obj)

line level    source

   1          /* Program-3: Write an Embedded C program to generate a square wave of 2 KHz on port pin P2.0.
   2          Assume that XTAL = 11.0592 MHz. Observe the waveform on keil analyzer */
   3          
   4          #include <reg51.h>
   5          
   6          sbit x = P2^0; 
   7          void delay(void); 
   8          void main () 
   9          {
  10   1        x =0; 
  11   1        while(1) 
  12   1        {
  13   2          x = 1; 
  14   2          delay();
  15   2          x = 0; 
  16   2          delay();
  17   2        }
  18   1      }
  19          void delay()
  20          {
  21   1        TMOD = 0x02; 
  22   1        TH0=0x1A; 
  23   1        TR0 = 1; 
  24   1        while (TF0 == 0); 
  25   1        TR0 = 0; 
  26   1        TF0 = 0; 
  27   1      }


MODULE INFORMATION:   STATIC OVERLAYABLE
   CODE SIZE        =     30    ----
   CONSTANT SIZE    =   ----    ----
   XDATA SIZE       =   ----    ----
   PDATA SIZE       =   ----    ----
   DATA SIZE        =   ----    ----
   IDATA SIZE       =   ----    ----
   BIT SIZE         =   ----    ----
END OF MODULE INFORMATION.


C51 COMPILATION COMPLETE.  0 WARNING(S),  0 ERROR(S)
